mode: count
ProjectMessenger/internal/auth/repository/db/sessions.go:17.114,24.16 7 3
ProjectMessenger/internal/auth/repository/db/sessions.go:24.16,25.36 1 2
ProjectMessenger/internal/auth/repository/db/sessions.go:25.36,28.4 2 1
ProjectMessenger/internal/auth/repository/db/sessions.go:29.3,36.18 3 1
ProjectMessenger/internal/auth/repository/db/sessions.go:38.2,39.21 2 1
ProjectMessenger/internal/auth/repository/db/sessions.go:42.87,48.16 5 2
ProjectMessenger/internal/auth/repository/db/sessions.go:48.16,57.3 3 1
ProjectMessenger/internal/auth/repository/db/sessions.go:58.2,59.18 2 1
ProjectMessenger/internal/auth/repository/db/sessions.go:62.73,66.16 4 2
ProjectMessenger/internal/auth/repository/db/sessions.go:66.16,74.3 2 1
ProjectMessenger/internal/auth/repository/db/sessions.go:75.2,75.56 1 2
ProjectMessenger/internal/auth/repository/db/sessions.go:78.46,81.2 2 7
ProjectMessenger/internal/auth/repository/db/users.go:25.61,32.2 2 1
ProjectMessenger/internal/auth/repository/db/users.go:34.64,41.2 2 18
ProjectMessenger/internal/auth/repository/db/users.go:43.69,47.16 4 3
ProjectMessenger/internal/auth/repository/db/users.go:47.16,48.36 1 2
ProjectMessenger/internal/auth/repository/db/users.go:48.36,51.4 2 1
ProjectMessenger/internal/auth/repository/db/users.go:53.3,59.13 3 1
ProjectMessenger/internal/auth/repository/db/users.go:62.2,62.18 1 1
ProjectMessenger/internal/auth/repository/db/users.go:62.18,65.17 3 3
ProjectMessenger/internal/auth/repository/db/users.go:65.17,73.4 3 0
ProjectMessenger/internal/auth/repository/db/users.go:74.3,74.32 1 3
ProjectMessenger/internal/auth/repository/db/users.go:76.2,77.16 2 1
ProjectMessenger/internal/auth/repository/db/users.go:80.102,84.16 4 3
ProjectMessenger/internal/auth/repository/db/users.go:84.16,85.36 1 2
ProjectMessenger/internal/auth/repository/db/users.go:85.36,88.4 2 1
ProjectMessenger/internal/auth/repository/db/users.go:90.3,96.21 3 1
ProjectMessenger/internal/auth/repository/db/users.go:98.2,99.19 2 1
ProjectMessenger/internal/auth/repository/db/users.go:102.94,108.16 3 2
ProjectMessenger/internal/auth/repository/db/users.go:108.16,116.3 3 1
ProjectMessenger/internal/auth/repository/db/users.go:118.2,120.20 3 1
ProjectMessenger/internal/auth/repository/db/users.go:123.96,126.16 3 6
ProjectMessenger/internal/auth/repository/db/users.go:126.16,127.36 1 3
ProjectMessenger/internal/auth/repository/db/users.go:127.36,130.4 2 2
ProjectMessenger/internal/auth/repository/db/users.go:132.3,138.21 3 1
ProjectMessenger/internal/auth/repository/db/users.go:140.2,141.19 2 3
ProjectMessenger/internal/auth/repository/db/users.go:144.86,147.12 3 3
ProjectMessenger/internal/auth/repository/db/users.go:147.12,151.3 3 1
ProjectMessenger/internal/auth/repository/db/users.go:153.2,155.16 2 2
ProjectMessenger/internal/auth/repository/db/users.go:155.16,163.3 3 1
ProjectMessenger/internal/auth/repository/db/users.go:164.2,165.13 2 1
ProjectMessenger/internal/auth/repository/db/users.go:168.140,172.28 4 0
ProjectMessenger/internal/auth/repository/db/users.go:172.28,175.3 2 0
ProjectMessenger/internal/auth/repository/db/users.go:176.2,177.116 2 0
ProjectMessenger/internal/auth/repository/db/users.go:177.116,180.3 2 0
ProjectMessenger/internal/auth/repository/db/users.go:184.2,188.16 4 0
ProjectMessenger/internal/auth/repository/db/users.go:188.16,191.3 2 0
ProjectMessenger/internal/auth/repository/db/users.go:192.2,196.16 3 0
ProjectMessenger/internal/auth/repository/db/users.go:196.16,199.3 2 0
ProjectMessenger/internal/auth/repository/db/users.go:200.2,201.40 2 0
ProjectMessenger/internal/auth/repository/db/users.go:204.79,218.16 4 3
ProjectMessenger/internal/auth/repository/db/users.go:218.16,219.36 1 2
ProjectMessenger/internal/auth/repository/db/users.go:219.36,222.4 2 1
ProjectMessenger/internal/auth/repository/db/users.go:224.3,230.20 3 1
ProjectMessenger/internal/auth/repository/db/users.go:233.2,233.18 1 1
ProjectMessenger/internal/auth/repository/db/users.go:233.18,238.17 3 2
ProjectMessenger/internal/auth/repository/db/users.go:238.17,247.4 4 0
ProjectMessenger/internal/auth/repository/db/users.go:248.3,248.47 1 2
ProjectMessenger/internal/auth/repository/db/users.go:250.2,251.19 2 1
ProjectMessenger/internal/auth/repository/db/users.go:254.82,260.16 4 2
ProjectMessenger/internal/auth/repository/db/users.go:260.16,268.3 3 1
ProjectMessenger/internal/auth/repository/db/users.go:269.2,270.13 2 1
ProjectMessenger/internal/auth/repository/db/users.go:273.47,275.2 1 0
ProjectMessenger/internal/auth/repository/db/users.go:277.60,280.18 3 1
ProjectMessenger/internal/auth/repository/db/users.go:280.18,282.17 2 1
ProjectMessenger/internal/auth/repository/db/users.go:282.17,289.4 2 1
ProjectMessenger/internal/auth/repository/db/users.go:290.3,291.17 2 1
ProjectMessenger/internal/auth/repository/db/users.go:291.17,298.4 2 1
ProjectMessenger/internal/auth/repository/db/users.go:299.3,300.17 2 1
ProjectMessenger/internal/auth/repository/db/users.go:300.17,307.4 2 1
ProjectMessenger/internal/auth/repository/db/users.go:309.3,310.17 2 1
ProjectMessenger/internal/auth/repository/db/users.go:310.17,317.4 2 1
ProjectMessenger/internal/auth/repository/db/users.go:319.3,319.37 1 1
ProjectMessenger/internal/auth/repository/db/users.go:319.37,323.18 4 6
ProjectMessenger/internal/auth/repository/db/users.go:323.18,330.5 2 6
ProjectMessenger/internal/auth/repository/db/users.go:334.2,336.18 3 1
ProjectMessenger/internal/auth/repository/db/users.go:336.18,338.17 2 1
ProjectMessenger/internal/auth/repository/db/users.go:338.17,345.4 2 1
ProjectMessenger/internal/auth/repository/db/users.go:347.3,360.17 13 1
ProjectMessenger/internal/auth/repository/db/users.go:360.17,367.4 2 1
ProjectMessenger/internal/auth/repository/db/users.go:369.2,370.11 2 1
ProjectMessenger/internal/auth/repository/db/users.go:373.44,396.2 3 6
